<?xml version="1.0" encoding="UTF-8"?>
<!-- Generated by org.testng.reporters.JUnitReportReporter -->
<testsuite skipped="0" hostname="DESKTOP-EDU5TT3" name="testng_demo.class2" tests="1" failures="0" timestamp="3 Sep 2022 09:35:12 GMT" time="0.018" errors="0">
  <testcase name="m1" time="0.018" classname="testng_demo.class2"/>
</testsuite> <!-- testng_demo.class2 -->
